<?xml version="1.0" encoding="UTF-8"?>
<testsuite xmlns:xsi="http://www.w3.org/2001/XMLSchema-instance" xsi:noNamespaceSchemaLocation="https://maven.apache.org/surefire/maven-surefire-plugin/xsd/surefire-test-report-3.0.xsd" version="3.0" name="kz.zhanbolat.web.UserServiceTest" time="0" tests="3" errors="0" skipped="2" failures="0">
  <properties>
    <property name="sun.desktop" value="windows"/>
    <property name="awt.toolkit" value="sun.awt.windows.WToolkit"/>
    <property name="java.specification.version" value="12"/>
    <property name="sun.cpu.isalist" value="amd64"/>
    <property name="sun.jnu.encoding" value="Cp1252"/>
    <property name="java.class.path" value="C:\Users\Zhanbolat_Orakbayev\Documents\jenkins_learn\JWebProject\dynamic-web-project\web\target\test-classes;C:\Users\Zhanbolat_Orakbayev\Documents\jenkins_learn\JWebProject\dynamic-web-project\web\target\classes;C:\Users\Zhanbolat_Orakbayev\.m2\repository\junit\junit\4.11\junit-4.11.jar;C:\Users\Zhanbolat_Orakbayev\.m2\repository\org\hamcrest\hamcrest-core\1.3\hamcrest-core-1.3.jar;C:\Users\Zhanbolat_Orakbayev\.m2\repository\org\apache\logging\log4j\log4j-core\2.11.2\log4j-core-2.11.2.jar;C:\Users\Zhanbolat_Orakbayev\.m2\repository\org\apache\logging\log4j\log4j-api\2.11.2\log4j-api-2.11.2.jar;C:\Users\Zhanbolat_Orakbayev\.m2\repository\mysql\mysql-connector-java\8.0.16\mysql-connector-java-8.0.16.jar;C:\Users\Zhanbolat_Orakbayev\.m2\repository\com\google\protobuf\protobuf-java\3.6.1\protobuf-java-3.6.1.jar;C:\Users\Zhanbolat_Orakbayev\.m2\repository\javax\servlet\javax.servlet-api\4.0.1\javax.servlet-api-4.0.1.jar;C:\Users\Zhanbolat_Orakbayev\.m2\repository\org\owasp\esapi\esapi\2.2.0.0\esapi-2.2.0.0.jar;C:\Users\Zhanbolat_Orakbayev\.m2\repository\com\io7m\xom\xom\1.2.10\xom-1.2.10.jar;C:\Users\Zhanbolat_Orakbayev\.m2\repository\commons-beanutils\commons-beanutils\1.9.3\commons-beanutils-1.9.3.jar;C:\Users\Zhanbolat_Orakbayev\.m2\repository\commons-logging\commons-logging\1.2\commons-logging-1.2.jar;C:\Users\Zhanbolat_Orakbayev\.m2\repository\commons-collections\commons-collections\3.2.2\commons-collections-3.2.2.jar;C:\Users\Zhanbolat_Orakbayev\.m2\repository\commons-configuration\commons-configuration\1.10\commons-configuration-1.10.jar;C:\Users\Zhanbolat_Orakbayev\.m2\repository\commons-lang\commons-lang\2.6\commons-lang-2.6.jar;C:\Users\Zhanbolat_Orakbayev\.m2\repository\commons-fileupload\commons-fileupload\1.3.3\commons-fileupload-1.3.3.jar;C:\Users\Zhanbolat_Orakbayev\.m2\repository\log4j\log4j\1.2.17\log4j-1.2.17.jar;C:\Users\Zhanbolat_Orakbayev\.m2\repository\org\apache\commons\commons-collections4\4.2\commons-collections4-4.2.jar;C:\Users\Zhanbolat_Orakbayev\.m2\repository\org\apache-extras\beanshell\bsh\2.0b6\bsh-2.0b6.jar;C:\Users\Zhanbolat_Orakbayev\.m2\repository\org\owasp\antisamy\antisamy\1.5.8\antisamy-1.5.8.jar;C:\Users\Zhanbolat_Orakbayev\.m2\repository\net\sourceforge\nekohtml\nekohtml\1.9.22\nekohtml-1.9.22.jar;C:\Users\Zhanbolat_Orakbayev\.m2\repository\org\apache\httpcomponents\httpclient\4.5.8\httpclient-4.5.8.jar;C:\Users\Zhanbolat_Orakbayev\.m2\repository\org\apache\httpcomponents\httpcore\4.4.11\httpcore-4.4.11.jar;C:\Users\Zhanbolat_Orakbayev\.m2\repository\commons-codec\commons-codec\1.12\commons-codec-1.12.jar;C:\Users\Zhanbolat_Orakbayev\.m2\repository\org\slf4j\slf4j-api\1.7.26\slf4j-api-1.7.26.jar;C:\Users\Zhanbolat_Orakbayev\.m2\repository\commons-io\commons-io\2.6\commons-io-2.6.jar;C:\Users\Zhanbolat_Orakbayev\.m2\repository\org\apache\xmlgraphics\batik-css\1.11\batik-css-1.11.jar;C:\Users\Zhanbolat_Orakbayev\.m2\repository\org\apache\xmlgraphics\batik-util\1.11\batik-util-1.11.jar;C:\Users\Zhanbolat_Orakbayev\.m2\repository\org\apache\xmlgraphics\batik-constants\1.11\batik-constants-1.11.jar;C:\Users\Zhanbolat_Orakbayev\.m2\repository\org\apache\xmlgraphics\batik-i18n\1.11\batik-i18n-1.11.jar;C:\Users\Zhanbolat_Orakbayev\.m2\repository\org\apache\xmlgraphics\xmlgraphics-commons\2.3\xmlgraphics-commons-2.3.jar;C:\Users\Zhanbolat_Orakbayev\.m2\repository\xml-apis\xml-apis-ext\1.3.04\xml-apis-ext-1.3.04.jar;C:\Users\Zhanbolat_Orakbayev\.m2\repository\xalan\xalan\2.7.2\xalan-2.7.2.jar;C:\Users\Zhanbolat_Orakbayev\.m2\repository\xalan\serializer\2.7.2\serializer-2.7.2.jar;C:\Users\Zhanbolat_Orakbayev\.m2\repository\xerces\xercesImpl\2.12.0\xercesImpl-2.12.0.jar;C:\Users\Zhanbolat_Orakbayev\.m2\repository\xml-apis\xml-apis\1.4.01\xml-apis-1.4.01.jar;C:\Users\Zhanbolat_Orakbayev\.m2\repository\javax\servlet\jsp\jstl\jstl-api\1.2\jstl-api-1.2.jar;C:\Users\Zhanbolat_Orakbayev\.m2\repository\javax\servlet\servlet-api\2.5\servlet-api-2.5.jar;C:\Users\Zhanbolat_Orakbayev\.m2\repository\javax\servlet\jsp\jsp-api\2.1\jsp-api-2.1.jar;"/>
    <property name="java.vm.vendor" value="Oracle Corporation"/>
    <property name="sun.arch.data.model" value="64"/>
    <property name="user.variant" value=""/>
    <property name="java.vendor.url" value="https://java.oracle.com/"/>
    <property name="user.timezone" value="Asia/Almaty"/>
    <property name="os.name" value="Windows 10"/>
    <property name="java.vm.specification.version" value="12"/>
    <property name="sun.java.launcher" value="SUN_STANDARD"/>
    <property name="user.country" value="US"/>
    <property name="sun.boot.library.path" value="C:\Program Files\Java\jdk-12.0.2\bin"/>
    <property name="sun.java.command" value="C:\Users\Zhanbolat_Orakbayev\AppData\Local\Temp\surefire626705954602249668\surefirebooter5734025686547644661.jar C:\Users\Zhanbolat_Orakbayev\AppData\Local\Temp\surefire626705954602249668 2019-09-02T17-05-07_468-jvmRun1 surefire3943235834287707667tmp surefire_02400763383475738538tmp"/>
    <property name="jdk.debug" value="release"/>
    <property name="surefire.test.class.path" value="C:\Users\Zhanbolat_Orakbayev\Documents\jenkins_learn\JWebProject\dynamic-web-project\web\target\test-classes;C:\Users\Zhanbolat_Orakbayev\Documents\jenkins_learn\JWebProject\dynamic-web-project\web\target\classes;C:\Users\Zhanbolat_Orakbayev\.m2\repository\junit\junit\4.11\junit-4.11.jar;C:\Users\Zhanbolat_Orakbayev\.m2\repository\org\hamcrest\hamcrest-core\1.3\hamcrest-core-1.3.jar;C:\Users\Zhanbolat_Orakbayev\.m2\repository\org\apache\logging\log4j\log4j-core\2.11.2\log4j-core-2.11.2.jar;C:\Users\Zhanbolat_Orakbayev\.m2\repository\org\apache\logging\log4j\log4j-api\2.11.2\log4j-api-2.11.2.jar;C:\Users\Zhanbolat_Orakbayev\.m2\repository\mysql\mysql-connector-java\8.0.16\mysql-connector-java-8.0.16.jar;C:\Users\Zhanbolat_Orakbayev\.m2\repository\com\google\protobuf\protobuf-java\3.6.1\protobuf-java-3.6.1.jar;C:\Users\Zhanbolat_Orakbayev\.m2\repository\javax\servlet\javax.servlet-api\4.0.1\javax.servlet-api-4.0.1.jar;C:\Users\Zhanbolat_Orakbayev\.m2\repository\org\owasp\esapi\esapi\2.2.0.0\esapi-2.2.0.0.jar;C:\Users\Zhanbolat_Orakbayev\.m2\repository\com\io7m\xom\xom\1.2.10\xom-1.2.10.jar;C:\Users\Zhanbolat_Orakbayev\.m2\repository\commons-beanutils\commons-beanutils\1.9.3\commons-beanutils-1.9.3.jar;C:\Users\Zhanbolat_Orakbayev\.m2\repository\commons-logging\commons-logging\1.2\commons-logging-1.2.jar;C:\Users\Zhanbolat_Orakbayev\.m2\repository\commons-collections\commons-collections\3.2.2\commons-collections-3.2.2.jar;C:\Users\Zhanbolat_Orakbayev\.m2\repository\commons-configuration\commons-configuration\1.10\commons-configuration-1.10.jar;C:\Users\Zhanbolat_Orakbayev\.m2\repository\commons-lang\commons-lang\2.6\commons-lang-2.6.jar;C:\Users\Zhanbolat_Orakbayev\.m2\repository\commons-fileupload\commons-fileupload\1.3.3\commons-fileupload-1.3.3.jar;C:\Users\Zhanbolat_Orakbayev\.m2\repository\log4j\log4j\1.2.17\log4j-1.2.17.jar;C:\Users\Zhanbolat_Orakbayev\.m2\repository\org\apache\commons\commons-collections4\4.2\commons-collections4-4.2.jar;C:\Users\Zhanbolat_Orakbayev\.m2\repository\org\apache-extras\beanshell\bsh\2.0b6\bsh-2.0b6.jar;C:\Users\Zhanbolat_Orakbayev\.m2\repository\org\owasp\antisamy\antisamy\1.5.8\antisamy-1.5.8.jar;C:\Users\Zhanbolat_Orakbayev\.m2\repository\net\sourceforge\nekohtml\nekohtml\1.9.22\nekohtml-1.9.22.jar;C:\Users\Zhanbolat_Orakbayev\.m2\repository\org\apache\httpcomponents\httpclient\4.5.8\httpclient-4.5.8.jar;C:\Users\Zhanbolat_Orakbayev\.m2\repository\org\apache\httpcomponents\httpcore\4.4.11\httpcore-4.4.11.jar;C:\Users\Zhanbolat_Orakbayev\.m2\repository\commons-codec\commons-codec\1.12\commons-codec-1.12.jar;C:\Users\Zhanbolat_Orakbayev\.m2\repository\org\slf4j\slf4j-api\1.7.26\slf4j-api-1.7.26.jar;C:\Users\Zhanbolat_Orakbayev\.m2\repository\commons-io\commons-io\2.6\commons-io-2.6.jar;C:\Users\Zhanbolat_Orakbayev\.m2\repository\org\apache\xmlgraphics\batik-css\1.11\batik-css-1.11.jar;C:\Users\Zhanbolat_Orakbayev\.m2\repository\org\apache\xmlgraphics\batik-util\1.11\batik-util-1.11.jar;C:\Users\Zhanbolat_Orakbayev\.m2\repository\org\apache\xmlgraphics\batik-constants\1.11\batik-constants-1.11.jar;C:\Users\Zhanbolat_Orakbayev\.m2\repository\org\apache\xmlgraphics\batik-i18n\1.11\batik-i18n-1.11.jar;C:\Users\Zhanbolat_Orakbayev\.m2\repository\org\apache\xmlgraphics\xmlgraphics-commons\2.3\xmlgraphics-commons-2.3.jar;C:\Users\Zhanbolat_Orakbayev\.m2\repository\xml-apis\xml-apis-ext\1.3.04\xml-apis-ext-1.3.04.jar;C:\Users\Zhanbolat_Orakbayev\.m2\repository\xalan\xalan\2.7.2\xalan-2.7.2.jar;C:\Users\Zhanbolat_Orakbayev\.m2\repository\xalan\serializer\2.7.2\serializer-2.7.2.jar;C:\Users\Zhanbolat_Orakbayev\.m2\repository\xerces\xercesImpl\2.12.0\xercesImpl-2.12.0.jar;C:\Users\Zhanbolat_Orakbayev\.m2\repository\xml-apis\xml-apis\1.4.01\xml-apis-1.4.01.jar;C:\Users\Zhanbolat_Orakbayev\.m2\repository\javax\servlet\jsp\jstl\jstl-api\1.2\jstl-api-1.2.jar;C:\Users\Zhanbolat_Orakbayev\.m2\repository\javax\servlet\servlet-api\2.5\servlet-api-2.5.jar;C:\Users\Zhanbolat_Orakbayev\.m2\repository\javax\servlet\jsp\jsp-api\2.1\jsp-api-2.1.jar;"/>
    <property name="sun.cpu.endian" value="little"/>
    <property name="user.home" value="C:\Users\Zhanbolat_Orakbayev"/>
    <property name="user.language" value="en"/>
    <property name="java.specification.vendor" value="Oracle Corporation"/>
    <property name="java.version.date" value="2019-07-16"/>
    <property name="java.home" value="C:\Program Files\Java\jdk-12.0.2"/>
    <property name="file.separator" value="\"/>
    <property name="basedir" value="C:\Users\Zhanbolat_Orakbayev\Documents\jenkins_learn\JWebProject\dynamic-web-project\web"/>
    <property name="java.vm.compressedOopsMode" value="32-bit"/>
    <property name="line.separator" value="&#10;"/>
    <property name="java.vm.specification.vendor" value="Oracle Corporation"/>
    <property name="java.specification.name" value="Java Platform API Specification"/>
    <property name="java.awt.graphicsenv" value="sun.awt.Win32GraphicsEnvironment"/>
    <property name="surefire.real.class.path" value="C:\Users\Zhanbolat_Orakbayev\AppData\Local\Temp\surefire626705954602249668\surefirebooter5734025686547644661.jar"/>
    <property name="user.script" value=""/>
    <property name="sun.management.compiler" value="HotSpot 64-Bit Tiered Compilers"/>
    <property name="java.runtime.version" value="12.0.2+10"/>
    <property name="user.name" value="Zhanbolat_Orakbayev"/>
    <property name="path.separator" value=";"/>
    <property name="os.version" value="10.0"/>
    <property name="java.runtime.name" value="Java(TM) SE Runtime Environment"/>
    <property name="file.encoding" value="Cp1252"/>
    <property name="java.vm.name" value="Java HotSpot(TM) 64-Bit Server VM"/>
    <property name="localRepository" value="C:\Users\Zhanbolat_Orakbayev\.m2\repository"/>
    <property name="java.vendor.url.bug" value="https://bugreport.java.com/bugreport/"/>
    <property name="java.io.tmpdir" value="C:\Users\ZHANBO~1\AppData\Local\Temp\"/>
    <property name="java.version" value="12.0.2"/>
    <property name="user.dir" value="C:\Users\Zhanbolat_Orakbayev\Documents\jenkins_learn\JWebProject\dynamic-web-project\web"/>
    <property name="os.arch" value="amd64"/>
    <property name="java.vm.specification.name" value="Java Virtual Machine Specification"/>
    <property name="sun.os.patch.level" value=""/>
    <property name="java.library.path" value="C:\Program Files\Java\jdk-12.0.2\bin;C:\WINDOWS\Sun\Java\bin;C:\WINDOWS\system32;C:\WINDOWS;C:\Program Files (x86)\Intel\iCLS Client\;C:\Program Files\Intel\iCLS Client\;C:\WINDOWS\system32;C:\WINDOWS;C:\WINDOWS\System32\Wbem;C:\WINDOWS\System32\WindowsPowerShell\v1.0\;C:\WINDOWS\System32\OpenSSH\;C:\Program Files\TortoiseSVN\bin;C:\Program Files (x86)\Intel\Intel(R) Management Engine Components\DAL;C:\Program Files\Intel\Intel(R) Management Engine Components\DAL;C:\Program Files (x86)\Intel\Intel(R) Management Engine Components\IPT;C:\Program Files\Intel\Intel(R) Management Engine Components\IPT;C:\Program Files\TortoiseGit\bin;C:\Program Files\Java\jdk-12.0.2\bin;C:\Users\Zhanbolat_Orakbayev\apache-maven-3.6.1\bin;C:\Program Files\MySQL\MySQL Server 8.0\bin;C:\Program Files\Apache Software Foundation\Tomcat 8.5\bin;C:\Program Files\MySQL\MySQL Shell 8.0\bin\;."/>
    <property name="java.vm.info" value="mixed mode, sharing"/>
    <property name="java.vendor" value="Oracle Corporation"/>
    <property name="java.vm.version" value="12.0.2+10"/>
    <property name="sun.io.unicode.encoding" value="UnicodeLittle"/>
    <property name="java.class.version" value="56.0"/>
  </properties>
  <testcase name="newUserShouldBeRegistered" classname="kz.zhanbolat.web.UserServiceTest" time="0">
    <skipped/>
  </testcase>
  <testcase name="UserShouldNotBeExisted" classname="kz.zhanbolat.web.UserServiceTest" time="0"/>
  <testcase name="UserShouldBeExisted" classname="kz.zhanbolat.web.UserServiceTest" time="0">
    <skipped/>
  </testcase>
</testsuite>